<?xml version="1.0" encoding="UTF-8"?>
<testng-results ignored="0" total="1" passed="1" failed="0" skipped="0">
  <reporter-output>
  </reporter-output>
  <suite started-at="2022-05-21T16:27:00Z" name="Default suite" finished-at="2022-05-21T16:27:03Z" duration-ms="3186">
    <groups>
    </groups>
    <test started-at="2022-05-21T16:27:00Z" name="Default test" finished-at="2022-05-21T16:27:03Z" duration-ms="3186">
      <class name="com.mindtree.P1.P1">
        <test-method signature="Test1()[pri:0, instance:com.mindtree.P1.P1@1fb19a0]" started-at="2022-05-21T16:27:00Z" name="Test1" finished-at="2022-05-21T16:27:03Z" duration-ms="3145" status="PASS">
          <reporter-output>
          </reporter-output>
        </test-method> <!-- Test1 -->
      </class> <!-- com.mindtree.P1.P1 -->
    </test> <!-- Default test -->
  </suite> <!-- Default suite -->
</testng-results>
