<?xml version="1.0" encoding="UTF-8"?>
<testng-results ignored="0" total="1" passed="1" failed="0" skipped="0">
  <reporter-output>
  </reporter-output>
  <suite started-at="2022-05-21T16:26:26Z" name="Suite" finished-at="2022-05-21T16:26:31Z" duration-ms="4188">
    <groups>
    </groups>
    <test started-at="2022-05-21T16:26:26Z" name="Test" finished-at="2022-05-21T16:26:31Z" duration-ms="4188">
      <class name="com.mindtree.P1.P1">
        <test-method signature="Test1()[pri:0, instance:com.mindtree.P1.P1@71329995]" started-at="2022-05-21T16:26:27Z" name="Test1" finished-at="2022-05-21T16:26:31Z" duration-ms="4155" status="PASS">
          <reporter-output>
          </reporter-output>
        </test-method> <!-- Test1 -->
      </class> <!-- com.mindtree.P1.P1 -->
    </test> <!-- Test -->
  </suite> <!-- Suite -->
</testng-results>
