<?xml version="1.0" encoding="UTF-8"?>
<testng-results ignored="0" total="1" passed="1" failed="0" skipped="0">
  <reporter-output>
  </reporter-output>
  <suite started-at="2022-05-23T10:34:52Z" name="Default suite" finished-at="2022-05-23T10:34:55Z" duration-ms="3160">
    <groups>
    </groups>
    <test started-at="2022-05-23T10:34:52Z" name="Default test" finished-at="2022-05-23T10:34:55Z" duration-ms="3160">
      <class name="com.mindtree.P4.P4">
        <test-method signature="Test1()[pri:0, instance:com.mindtree.P4.P4@6ee4d9ab]" started-at="2022-05-23T10:34:52Z" name="Test1" finished-at="2022-05-23T10:34:55Z" duration-ms="3132" status="PASS">
          <reporter-output>
          </reporter-output>
        </test-method> <!-- Test1 -->
      </class> <!-- com.mindtree.P4.P4 -->
    </test> <!-- Default test -->
  </suite> <!-- Default suite -->
</testng-results>
